spring2016/AreaLearning/java_area_description_example/app/build/outputs/logs/manifest-merger-debug-report.txt
-- Merging decision tree log ---
manifest
ADDED from src/main/AndroidManifest.xml:16:1-61:12
	xmlns:android
		ADDED from src/main/AndroidManifest.xml:16:11-69
	package
		ADDED from src/main/AndroidManifest.xml:17:1-56
		INJECTED from src/main/AndroidManifest.xml
		INJECTED from src/main/AndroidManifest.xml
	android:versionName
		ADDED from src/main/AndroidManifest.xml:19:1-24
		INJECTED from src/main/AndroidManifest.xml
		INJECTED from src/main/AndroidManifest.xml
	android:versionCode
		ADDED from src/main/AndroidManifest.xml:18:1-24
		INJECTED from src/main/AndroidManifest.xml
		INJECTED from src/main/AndroidManifest.xml
uses-sdk
ADDED from src/main/AndroidManifest.xml:21:1-23:37
MERGED from [org.rajawali3d:rajawali:1.0.294-SNAPSHOT] AndroidManifest.xml:8:5-10:41
MERGED from [java_area_description_example:openCVLibrary310emma:unspecified] AndroidManifest.xml:7:5-9:41
MERGED from [java_area_description_example:java_examples_utils:unspecified] AndroidManifest.xml:22:5-24:41
MERGED from [org.rajawali3d:rajawali:1.0.294-SNAPSHOT] AndroidManifest.xml:8:5-10:41
	android:targetSdkVersion
		ADDED from src/main/AndroidManifest.xml:23:5-34
		INJECTED from src/main/AndroidManifest.xml
		INJECTED from src/main/AndroidManifest.xml
	android:minSdkVersion
		ADDED from src/main/AndroidManifest.xml:22:5-31
		INJECTED from src/main/AndroidManifest.xml
		INJECTED from src/main/AndroidManifest.xml
uses-permission#android.permission.CAMERA
ADDED from src/main/AndroidManifest.xml:25:1-61
	android:name
		ADDED from src/main/AndroidManifest.xml:25:18-58
application
ADDED from src/main/AndroidManifest.xml:27:1-59:15
MERGED from [java_area_description_example:java_examples_utils:unspecified] AndroidManifest.xml:26:5-30:19
	android:label
		ADDED from src/main/AndroidManifest.xml:30:5-37
	android:allowBackup
		ADDED from src/main/AndroidManifest.xml:28:5-31
	android:icon
		ADDED from src/main/AndroidManifest.xml:29:5-41
	android:theme
		ADDED from [java_area_description_example:java_examples_utils:unspecified] AndroidManifest.xml:29:9-40
uses-library#com.projecttango.libtango_device
ADDED from src/main/AndroidManifest.xml:31:5-33:35
	android:required
		ADDED from src/main/AndroidManifest.xml:33:9-32
	android:name
		ADDED from src/main/AndroidManifest.xml:32:9-56
activity#com.projecttango.experiments.javaarealearning.ALStartActivity
ADDED from src/main/AndroidManifest.xml:35:5-44:16
	android:screenOrientation
		ADDED from src/main/AndroidManifest.xml:38:9-45
	android:label
		ADDED from src/main/AndroidManifest.xml:37:9-46
	android:name
		ADDED from src/main/AndroidManifest.xml:36:9-40
intent-filter#android.intent.action.MAIN+android.intent.category.LAUNCHER
ADDED from src/main/AndroidManifest.xml:39:9-43:25
	android:label
		ADDED from src/main/AndroidManifest.xml:39:24-56
action#android.intent.action.MAIN
ADDED from src/main/AndroidManifest.xml:40:9-61
	android:name
		ADDED from src/main/AndroidManifest.xml:40:17-58
category#android.intent.category.LAUNCHER
ADDED from src/main/AndroidManifest.xml:42:9-69
	android:name
		ADDED from src/main/AndroidManifest.xml:42:19-66
activity#com.projecttango.experiments.javaarealearning.AreaLearningActivity
ADDED from src/main/AndroidManifest.xml:45:5-48:48
	android:screenOrientation
		ADDED from src/main/AndroidManifest.xml:48:9-45
	android:label
		ADDED from src/main/AndroidManifest.xml:47:9-46
	android:name
		ADDED from src/main/AndroidManifest.xml:46:9-45
activity#com.projecttango.experiments.javaarealearning.ADFUUIDListViewActivity
ADDED from src/main/AndroidManifest.xml:49:5-52:48
	android:screenOrientation
		ADDED from src/main/AndroidManifest.xml:52:9-45
	android:label
		ADDED from src/main/AndroidManifest.xml:51:9-46
	android:name
		ADDED from src/main/AndroidManifest.xml:50:9-48
activity#com.projecttango.experiments.javaarealearning.BaseActivity
ADDED from src/main/AndroidManifest.xml:53:5-46
	android:name
		ADDED from src/main/AndroidManifest.xml:53:15-43
activity#com.projecttango.experiments.javaarealearning.Homepage
ADDED from src/main/AndroidManifest.xml:54:5-55:16
	android:name
		ADDED from src/main/AndroidManifest.xml:54:15-39
activity#com.projecttango.experiments.javaarealearning.MenuPage
ADDED from src/main/AndroidManifest.xml:56:5-58:21
	android:screenOrientation
		ADDED from src/main/AndroidManifest.xml:57:9-46
	android:name
		ADDED from src/main/AndroidManifest.xml:56:15-39